
> primus@ dev C:\d\repos\proyecto-primus
> turbo run dev "--filter=api"

• Packages in scope: api
• Running dev in 1 packages
• Remote caching disabled
api:dev: cache bypass, force executing dfe344f6a54477dd
api:dev: 
api:dev: > api@0.0.1 dev C:\d\repos\proyecto-primus\apps\api
api:dev: > nest start --watch
api:dev: 
api:dev: [2J[3J[H[[90m3:58:12 AM[0m] Starting compilation in watch mode...
api:dev: 
api:dev: [[90m3:58:16 AM[0m] Found 0 errors. Watching for file changes.
api:dev: 
api:dev: node:internal/modules/cjs/loader:1404
api:dev:   throw err;
api:dev:   ^
api:dev: 
api:dev: Error: Cannot find module 'C:\d\repos\proyecto-primus\apps\api\dist\main'
api:dev:     at Function._resolveFilename (node:internal/modules/cjs/loader:1401:15)
api:dev:     at defaultResolveImpl (node:internal/modules/cjs/loader:1057:19)
api:dev:     at resolveForCJSWithHooks (node:internal/modules/cjs/loader:1062:22)
api:dev:     at Function._load (node:internal/modules/cjs/loader:1211:37)
api:dev:     at TracingChannel.traceSync (node:diagnostics_channel:322:14)
api:dev:     at wrapModuleLoad (node:internal/modules/cjs/loader:235:24)
api:dev:     at Function.executeUserEntryPoint [as runMain] (node:internal/modules/run_main:171:5)
api:dev:     at node:internal/main/run_main_module:36:49 {
api:dev:   code: 'MODULE_NOT_FOUND',
api:dev:   requireStack: []
api:dev: }
api:dev: 
api:dev: Node.js v22.17.1
